<?xml version="1.0" encoding="UTF-8"?>
<!-- Generated by org.testng.reporters.JUnitXMLReporter -->
<testsuite ignored="5" hostname="DESKTOP-LIMR78O" failures="0" tests="5" name="GRP-Regression" time="0.126" errors="0" timestamp="2022-01-09T11:47:28 IST">
  <testcase classname="testng.packagee.GroupsInTestNg" name="test1" time="0.016"/>
  <testcase classname="testng.packagee.GroupsInTestNg" name="test5" time="0.003"/>
  <testcase classname="testng.packagee.GroupsInTestNg" name="test6" time="0.003"/>
  <testcase classname="testng.packagee.GroupsInTestNg" name="test7" time="0.004"/>
  <testcase classname="testng.packagee.GroupsInTestNg" name="test9" time="0.003"/>
  <testcase classname="testng.packagee.GroupsInTestNg" name="test2" time="0.0">
    <ignored/>
  </testcase> <!-- test2 -->
  <testcase classname="testng.packagee.GroupsInTestNg" name="test8" time="0.0">
    <ignored/>
  </testcase> <!-- test8 -->
  <testcase classname="testng.packagee.GroupsInTestNg" name="test10" time="0.0">
    <ignored/>
  </testcase> <!-- test10 -->
  <testcase classname="testng.packagee.GroupsInTestNg" name="test4" time="0.0">
    <ignored/>
  </testcase> <!-- test4 -->
  <testcase classname="testng.packagee.GroupsInTestNg" name="test3" time="0.0">
    <ignored/>
  </testcase> <!-- test3 -->
</testsuite> <!-- GRP-Regression -->
