<?xml version="1.0" encoding="UTF-8"?>
<!-- Generated by org.testng.reporters.JUnitXMLReporter -->
<testsuite ignored="5" hostname="DESKTOP-LIMR78O" failures="0" tests="5" name="GRP-UAT" time="0.138" errors="0" timestamp="2022-01-09T11:48:40 IST">
  <testcase classname="testng.packagee.GroupsInTestNg" name="test10" time="0.016"/>
  <testcase classname="testng.packagee.GroupsInTestNg" name="test3" time="0.002"/>
  <testcase classname="testng.packagee.GroupsInTestNg" name="test4" time="0.002"/>
  <testcase classname="testng.packagee.GroupsInTestNg" name="test6" time="0.007"/>
  <testcase classname="testng.packagee.GroupsInTestNg" name="test7" time="0.004"/>
  <testcase classname="testng.packagee.GroupsInTestNg" name="test2" time="0.0">
    <ignored/>
  </testcase> <!-- test2 -->
  <testcase classname="testng.packagee.GroupsInTestNg" name="test1" time="0.0">
    <ignored/>
  </testcase> <!-- test1 -->
  <testcase classname="testng.packagee.GroupsInTestNg" name="test9" time="0.0">
    <ignored/>
  </testcase> <!-- test9 -->
  <testcase classname="testng.packagee.GroupsInTestNg" name="test8" time="0.0">
    <ignored/>
  </testcase> <!-- test8 -->
  <testcase classname="testng.packagee.GroupsInTestNg" name="test5" time="0.0">
    <ignored/>
  </testcase> <!-- test5 -->
</testsuite> <!-- GRP-UAT -->
