<?xml version="1.0" encoding="UTF-8"?>
<!-- Generated by org.testng.reporters.JUnitXMLReporter -->
<testsuite ignored="7" hostname="DESKTOP-LIMR78O" failures="0" tests="6" name="Smoke" time="5.746" errors="0" timestamp="2022-01-09T13:36:53 IST">
  <testcase classname="testng.packagee.urlOpeningThroughTestng" name="urlTest" time="5.715"/>
  <testcase classname="testng.packagee.GroupsInTestNg" name="test1" time="0.002"/>
  <testcase classname="testng.packagee.GroupsInTestNg" name="test2" time="0.001"/>
  <testcase classname="testng.packagee.GroupsInTestNg" name="test3" time="0.005"/>
  <testcase classname="testng.packagee.GroupsInTestNg" name="test6" time="0.002"/>
  <testcase classname="testng.packagee.GroupsInTestNg" name="test8" time="0.001"/>
  <testcase classname="testng.packagee.HardAssert" name="assertMethod" time="0.0">
    <ignored/>
  </testcase> <!-- assertMethod -->
  <testcase classname="testng.packagee.GroupsInTestNg" name="test9" time="0.0">
    <ignored/>
  </testcase> <!-- test9 -->
  <testcase classname="testng.packagee.GroupsInTestNg" name="test10" time="0.0">
    <ignored/>
  </testcase> <!-- test10 -->
  <testcase classname="testng.packagee.GroupsInTestNg" name="test7" time="0.0">
    <ignored/>
  </testcase> <!-- test7 -->
  <testcase classname="testng.packagee.GroupsInTestNg" name="test5" time="0.0">
    <ignored/>
  </testcase> <!-- test5 -->
  <testcase classname="testng.packagee.GroupsInTestNg" name="test4" time="0.0">
    <ignored/>
  </testcase> <!-- test4 -->
  <testcase classname="testng.packagee.SoftAssertClass" name="SoftAssertMethod" time="0.0">
    <ignored/>
  </testcase> <!-- SoftAssertMethod -->
</testsuite> <!-- Smoke -->
