<?xml version="1.0" encoding="UTF-8"?>
<testng-results ignored="0" total="1" passed="1" failed="0" skipped="0">
  <reporter-output>
  </reporter-output>
  <suite started-at="2022-01-10T12:25:17 IST" name="Reading Browser Details" finished-at="2022-01-10T12:25:38 IST" duration-ms="21609">
    <groups>
    </groups>
    <test started-at="2022-01-10T12:25:17 IST" name="Reading Browser Details" finished-at="2022-01-10T12:25:38 IST" duration-ms="21609">
      <class name="testng.packagee.TextBoxHandling">
        <test-method signature="applicationLaunch(java.lang.String)[pri:0, instance:testng.packagee.TextBoxHandling@c333c60]" started-at="2022-01-10T12:25:17 IST" name="applicationLaunch" finished-at="2022-01-10T12:25:38 IST" duration-ms="21524" status="PASS">
          <params>
            <param index="0">
              <value>
                <![CDATA[chrome]]>
              </value>
            </param>
          </params>
          <reporter-output>
          </reporter-output>
        </test-method> <!-- applicationLaunch -->
      </class> <!-- testng.packagee.TextBoxHandling -->
    </test> <!-- Reading Browser Details -->
  </suite> <!-- Reading Browser Details -->
</testng-results>
